Using pre-set license

 COMMAND LINE ARGUMENTS:
/Users/terry/Documents/AR/2020.3.0f1/Unity.app/Contents/MacOS/Unity
-adb2
-batchMode
-noUpm
-name
AssetImportWorker0
-projectPath
/Volumes/Backup Plus/AR/immersive/IMP_Project_ConstellationsAR/ConstellationsAR
-logFile
Logs/AssetImportWorker0.log
-srvPort
52917
Successfully changed project path to: /Volumes/Backup Plus/AR/immersive/IMP_Project_ConstellationsAR/ConstellationsAR
/Volumes/Backup Plus/AR/immersive/IMP_Project_ConstellationsAR/ConstellationsAR
Using Asset Import Pipeline V2.
Refreshing native plugins compatible for Editor in 448.72 ms, found 2 plugins.
Preloading 0 native plugins for Editor in 0.00 ms.
Initialize engine version: 2020.3.0f1 (c7b5465681fb)
[Subsystems] Discovering subsystems at path /Users/terry/Documents/AR/2020.3.0f1/Unity.app/Contents/Resources/UnitySubsystems
[Subsystems] Discovering subsystems at path /Volumes/Backup Plus/AR/immersive/IMP_Project_ConstellationsAR/ConstellationsAR/Assets
GfxDevice: creating device client; threaded=0
2021-03-23 21:26:08.567 Unity[9225:318859] (null) preferred device: Apple M1 (high power)
2021-03-23 21:26:08.567 Unity[9225:318859] Metal devices available: 1
2021-03-23 21:26:08.567 Unity[9225:318859] 0: Apple M1 (high power)
2021-03-23 21:26:08.568 Unity[9225:318859] Using device Apple M1 (high power)
Initializing Metal device caps: Apple M1
Initialize mono
Mono path[0] = '/Users/terry/Documents/AR/2020.3.0f1/Unity.app/Contents/Managed'
Mono path[1] = '/Users/terry/Documents/AR/2020.3.0f1/Unity.app/Contents/MonoBleedingEdge/lib/mono/unityjit'
Mono config path = '/Users/terry/Documents/AR/2020.3.0f1/Unity.app/Contents/MonoBleedingEdge/etc'
Using monoOptions --debugger-agent=transport=dt_socket,embedding=1,server=y,suspend=n,address=127.0.0.1:56225
Begin MonoManager ReloadAssembly
Registering precompiled unity dll's ...
Register platform support module: /Users/terry/Documents/AR/2020.3.0f1/Unity.app/Contents/PlaybackEngines/MacStandaloneSupport/UnityEditor.OSXStandalone.Extensions.dll
Register platform support module: /Users/terry/Documents/AR/2020.3.0f1/PlaybackEngines/LinuxStandaloneSupport/UnityEditor.LinuxStandalone.Extensions.dll
Registered in 0.002413 seconds.
Native extension for LinuxStandalone target not found
Native extension for OSXStandalone target not found
Refreshing native plugins compatible for Editor in 40.81 ms, found 2 plugins.
Preloading 0 native plugins for Editor in 0.00 ms.
Invoked RoslynAnalysisRunner static constructor.
RoslynAnalysisRunner will not be running.
RoslynAnalysisRunner has terminated.
Mono: successfully reloaded assembly
- Completed reload, in  2.939 seconds
Platform modules already initialized, skipping
Registering precompiled user dll's ...
Registered in 0.067704 seconds.
Begin MonoManager ReloadAssembly
Native extension for LinuxStandalone target not found
Native extension for OSXStandalone target not found
Refreshing native plugins compatible for Editor in 40.35 ms, found 2 plugins.
Preloading 0 native plugins for Editor in 0.00 ms.
