Using pre-set license

 COMMAND LINE ARGUMENTS:
/Users/terry/Documents/AR/2020.3.0f1/Unity.app/Contents/MacOS/Unity
-adb2
-batchMode
-noUpm
-name
AssetImportWorker1
-projectPath
/Volumes/Backup Plus/AR/immersive/IMP_Project_ConstellationsAR/ConstellationsAR
-logFile
Logs/AssetImportWorker1.log
-srvPort
49997
Successfully changed project path to: /Volumes/Backup Plus/AR/immersive/IMP_Project_ConstellationsAR/ConstellationsAR
/Volumes/Backup Plus/AR/immersive/IMP_Project_ConstellationsAR/ConstellationsAR
Using Asset Import Pipeline V2.
Refreshing native plugins compatible for Editor in 380.01 ms, found 2 plugins.
Preloading 0 native plugins for Editor in 0.00 ms.
Initialize engine version: 2020.3.0f1 (c7b5465681fb)
[Subsystems] Discovering subsystems at path /Users/terry/Documents/AR/2020.3.0f1/Unity.app/Contents/Resources/UnitySubsystems
[Subsystems] Discovering subsystems at path /Volumes/Backup Plus/AR/immersive/IMP_Project_ConstellationsAR/ConstellationsAR/Assets
GfxDevice: creating device client; threaded=0
2021-03-28 13:06:40.161 Unity[3352:75440] (null) preferred device: Apple M1 (high power)
2021-03-28 13:06:40.161 Unity[3352:75440] Metal devices available: 1
2021-03-28 13:06:40.161 Unity[3352:75440] 0: Apple M1 (high power)
2021-03-28 13:06:40.162 Unity[3352:75440] Using device Apple M1 (high power)
Initializing Metal device caps: Apple M1
Initialize mono
Mono path[0] = '/Users/terry/Documents/AR/2020.3.0f1/Unity.app/Contents/Managed'
Mono path[1] = '/Users/terry/Documents/AR/2020.3.0f1/Unity.app/Contents/MonoBleedingEdge/lib/mono/unityjit'
Mono config path = '/Users/terry/Documents/AR/2020.3.0f1/Unity.app/Contents/MonoBleedingEdge/etc'
Using monoOptions --debugger-agent=transport=dt_socket,embedding=1,server=y,suspend=n,address=127.0.0.1:56352
Begin MonoManager ReloadAssembly
Registering precompiled unity dll's ...
Register platform support module: /Users/terry/Documents/AR/2020.3.0f1/Unity.app/Contents/PlaybackEngines/MacStandaloneSupport/UnityEditor.OSXStandalone.Extensions.dll
Register platform support module: /Users/terry/Documents/AR/2020.3.0f1/PlaybackEngines/LinuxStandaloneSupport/UnityEditor.LinuxStandalone.Extensions.dll
Registered in 0.002394 seconds.
Native extension for LinuxStandalone target not found
Native extension for OSXStandalone target not found
Refreshing native plugins compatible for Editor in 46.76 ms, found 2 plugins.
Preloading 0 native plugins for Editor in 0.00 ms.
Invoked RoslynAnalysisRunner static constructor.
RoslynAnalysisRunner will not be running.
RoslynAnalysisRunner has terminated.
Mono: successfully reloaded assembly
- Completed reload, in  2.742 seconds
Platform modules already initialized, skipping
Registering precompiled user dll's ...
Registered in 0.171982 seconds.
Begin MonoManager ReloadAssembly
Native extension for LinuxStandalone target not found
Native extension for OSXStandalone target not found
Refreshing native plugins compatible for Editor in 46.28 ms, found 2 plugins.
Preloading 0 native plugins for Editor in 0.00 ms.
Invoked RoslynAnalysisRunner static constructor.
RoslynAnalysisRunner will not be running.
RoslynAnalysisRunner has terminated.
Mono: successfully reloaded assembly
- Completed reload, in  2.999 seconds
Platform modules already initialized, skipping
========================================================================
Worker process is ready to serve import requests
Launching external process: /Users/terry/Documents/AR/2020.3.0f1/Unity.app/Contents/Tools/UnityShaderCompiler
Launched and connected shader compiler UnityShaderCompiler after 0.03 seconds
Refreshing native plugins compatible for Editor in 0.76 ms, found 2 plugins.
Preloading 0 native plugins for Editor in 0.00 ms.
Unloading 2442 Unused Serialized files (Serialized files now loaded: 0)
System memory in use before: 166.4 MB.
System memory in use after: 166.6 MB.

Unloading 38 unused Assets to reduce memory usage. Loaded Objects now: 2874.
Total: 2.632667 ms (FindLiveObjects: 0.204000 ms CreateObjectMapping: 0.050250 ms MarkObjects: 2.283625 ms  DeleteObjects: 0.093958 ms)

========================================================================
Received Import Request.
  path: Assets/UITexture
  artifactKey: Guid(3921210097ca347fe80202ee32f07c3d) Importer(815301076,1909f56bfc062723c751e8b465ee728b)
Start importing Assets/UITexture using Guid(3921210097ca347fe80202ee32f07c3d) Importer(815301076,1909f56bfc062723c751e8b465ee728b)  -> (artifact id: '3ccf4ca0ac438b8ddda0ac7a3cc5f8b7') in 0.032946 seconds
  Import took 0.035852 seconds .

========================================================================
Received Import Request.
  Time since last request: 73.795121 seconds.
  path: Assets/UITexture/icons8-취소하다.svg
  artifactKey: Guid(8d7d5371358544f2e9d9fd7bf8275090) Importer(815301076,1909f56bfc062723c751e8b465ee728b)
Start importing Assets/UITexture/icons8-취소하다.svg using Guid(8d7d5371358544f2e9d9fd7bf8275090) Importer(815301076,1909f56bfc062723c751e8b465ee728b)  -> (artifact id: '5063226d980ae8cf8071d29d27c1f013') in 0.216473 seconds
  Import took 0.219500 seconds .

========================================================================
Received Import Request.
  Time since last request: 8.961888 seconds.
  path: Assets/UITexture/CancelButton.svg
  artifactKey: Guid(8d7d5371358544f2e9d9fd7bf8275090) Importer(815301076,1909f56bfc062723c751e8b465ee728b)
Start importing Assets/UITexture/CancelButton.svg using Guid(8d7d5371358544f2e9d9fd7bf8275090) Importer(815301076,1909f56bfc062723c751e8b465ee728b)  -> (artifact id: '308e5796d034283889418df90b0ff49a') in 0.096646 seconds
  Import took 0.099983 seconds .

========================================================================
Received Import Request.
  Time since last request: 172.483074 seconds.
  path: Assets/Scripts/UI
  artifactKey: Guid(b0e379117527d1641a4589d0178e27ff) Importer(815301076,1909f56bfc062723c751e8b465ee728b)
Start importing Assets/Scripts/UI using Guid(b0e379117527d1641a4589d0178e27ff) Importer(815301076,1909f56bfc062723c751e8b465ee728b)  -> (artifact id: '8d5a43ba2a1d22860f213c837665c8ef') in 0.008533 seconds
  Import took 0.017914 seconds .

========================================================================
Received Import Request.
  Time since last request: 1.262672 seconds.
  path: Assets/Scripts/UI/UIWindow.cs
  artifactKey: Guid(6c56e0ed6785d2548bead6f681cb35e4) Importer(815301076,1909f56bfc062723c751e8b465ee728b)
Start importing Assets/Scripts/UI/UIWindow.cs using Guid(6c56e0ed6785d2548bead6f681cb35e4) Importer(815301076,1909f56bfc062723c751e8b465ee728b)  -> (artifact id: '7fe640b77f263d502f9cf9cdd93de645') in 0.250702 seconds
  Import took 0.270895 seconds .

========================================================================
Received Import Request.
  Time since last request: 70.882501 seconds.
  path: Assets/Scenes/BlankAR.unity
  artifactKey: Guid(6bdce89659816455b9f906fc62d19910) Importer(815301076,1909f56bfc062723c751e8b465ee728b)
Start importing Assets/Scenes/BlankAR.unity using Guid(6bdce89659816455b9f906fc62d19910) Importer(815301076,1909f56bfc062723c751e8b465ee728b)  -> (artifact id: '6e099bee5cb11568caa96c08d3140e1f') in 0.015665 seconds
  Import took 0.019097 seconds .

========================================================================
Received Import Request.
  Time since last request: 269.037423 seconds.
  path: Assets/UITexture/icons8-취소하다-100.png
  artifactKey: Guid(2d39b45651e4a4d2982e06015bcddcf3) Importer(815301076,1909f56bfc062723c751e8b465ee728b)
Start importing Assets/UITexture/icons8-취소하다-100.png using Guid(2d39b45651e4a4d2982e06015bcddcf3) Importer(815301076,1909f56bfc062723c751e8b465ee728b)  -> (artifact id: 'c6c96b55a0a052c32318c4ffac79a2e0') in 0.581361 seconds
  Import took 0.589169 seconds .

========================================================================
Received Import Request.
  Time since last request: 6.398453 seconds.
  path: Assets/UITexture/CancleButton.png
  artifactKey: Guid(2d39b45651e4a4d2982e06015bcddcf3) Importer(815301076,1909f56bfc062723c751e8b465ee728b)
Start importing Assets/UITexture/CancleButton.png using Guid(2d39b45651e4a4d2982e06015bcddcf3) Importer(815301076,1909f56bfc062723c751e8b465ee728b)  -> (artifact id: 'a2db508fa8c30c463764753c9f115bf5') in 0.021749 seconds
  Import took 0.029261 seconds .

========================================================================
Received Import Request.
  Time since last request: 87.569779 seconds.
  path: Assets/UITexture/CancleButton.png
  artifactKey: Guid(2d39b45651e4a4d2982e06015bcddcf3) Importer(815301076,1909f56bfc062723c751e8b465ee728b)
Start importing Assets/UITexture/CancleButton.png using Guid(2d39b45651e4a4d2982e06015bcddcf3) Importer(815301076,1909f56bfc062723c751e8b465ee728b)  -> (artifact id: '0d98fb1216a31b4a80ce79cfc82e581d') in 0.106320 seconds
  Import took 0.109388 seconds .

========================================================================
Received Prepare
Registering precompiled user dll's ...
Registered in 0.365100 seconds.
Begin MonoManager ReloadAssembly
Native extension for LinuxStandalone target not found
Native extension for OSXStandalone target not found
Refreshing native plugins compatible for Editor in 0.66 ms, found 2 plugins.
Preloading 0 native plugins for Editor in 0.00 ms.
Invoked RoslynAnalysisRunner static constructor.
RoslynAnalysisRunner will not be running.
RoslynAnalysisRunner has terminated.
Mono: successfully reloaded assembly
- Completed reload, in  2.909 seconds
Platform modules already initialized, skipping
Refreshing native plugins compatible for Editor in 0.82 ms, found 2 plugins.
Preloading 0 native plugins for Editor in 0.00 ms.
Unloading 2393 Unused Serialized files (Serialized files now loaded: 0)
System memory in use before: 180.9 MB.
System memory in use after: 181.1 MB.

Unloading 27 unused Assets to reduce memory usage. Loaded Objects now: 2885.
Total: 1.688500 ms (FindLiveObjects: 0.155042 ms CreateObjectMapping: 0.047458 ms MarkObjects: 1.439958 ms  DeleteObjects: 0.045250 ms)

========================================================================
Received Import Request.
  Time since last request: 2434.951059 seconds.
  path: Assets/UIAnimation
  artifactKey: Guid(015581c3726834dc4b4ea142f1fbcb3a) Importer(815301076,1909f56bfc062723c751e8b465ee728b)
Start importing Assets/UIAnimation using Guid(015581c3726834dc4b4ea142f1fbcb3a) Importer(815301076,1909f56bfc062723c751e8b465ee728b)  -> (artifact id: '4faf32e582b6cbffb0a2d30bda331736') in 0.056455 seconds
  Import took 0.067395 seconds .

========================================================================
Received Import Request.
  Time since last request: 26.142911 seconds.
  path: Assets/UIAnimation/Camera Interface.anim
  artifactKey: Guid(010de8caea145402fabea58135da931d) Importer(815301076,1909f56bfc062723c751e8b465ee728b)
Start importing Assets/UIAnimation/Camera Interface.anim using Guid(010de8caea145402fabea58135da931d) Importer(815301076,1909f56bfc062723c751e8b465ee728b)  -> (artifact id: 'cba67ad8f2e44b4a0e67ce2c81038535') in 0.645225 seconds
  Import took 0.648530 seconds .

========================================================================
Received Import Request.
  Time since last request: 153.789428 seconds.
  path: Assets/UIAnimation/Camera Interface.anim
  artifactKey: Guid(010de8caea145402fabea58135da931d) Importer(815301076,1909f56bfc062723c751e8b465ee728b)
Start importing Assets/UIAnimation/Camera Interface.anim using Guid(010de8caea145402fabea58135da931d) Importer(815301076,1909f56bfc062723c751e8b465ee728b)  -> (artifact id: '5d38604dffbe5ccfafbd76b4fcd4acb2') in 0.019025 seconds
  Import took 0.098058 seconds .

========================================================================
Received Import Request.
  Time since last request: 0.773170 seconds.
  path: Assets/UIAnimation/Panel.controller
  artifactKey: Guid(bcc1ae2851fbc4bf58e4ebb4339ecf44) Importer(815301076,1909f56bfc062723c751e8b465ee728b)
Start importing Assets/UIAnimation/Panel.controller using Guid(bcc1ae2851fbc4bf58e4ebb4339ecf44) Importer(815301076,1909f56bfc062723c751e8b465ee728b)  -> (artifact id: 'd232e446ef62846cbfe0934e61954a5f') in 0.361297 seconds
  Import took 0.496391 seconds .

========================================================================
Received Import Request.
  Time since last request: 1375.219759 seconds.
  path: Assets/UIAnimation/icons8-카메라-32.png
  artifactKey: Guid(c8110819ae43f43c8a1dda55777808cf) Importer(815301076,1909f56bfc062723c751e8b465ee728b)
Start importing Assets/UIAnimation/icons8-카메라-32.png using Guid(c8110819ae43f43c8a1dda55777808cf) Importer(815301076,1909f56bfc062723c751e8b465ee728b)  -> (artifact id: 'c187cc95d05d19e8cf3e433dfb6d88ff') in 0.113175 seconds
  Import took 0.122514 seconds .

========================================================================
Received Import Request.
  Time since last request: 4.309661 seconds.
  path: Assets/UIAnimation/Camera.png
  artifactKey: Guid(c8110819ae43f43c8a1dda55777808cf) Importer(815301076,1909f56bfc062723c751e8b465ee728b)
Start importing Assets/UIAnimation/Camera.png using Guid(c8110819ae43f43c8a1dda55777808cf) Importer(815301076,1909f56bfc062723c751e8b465ee728b)  -> (artifact id: 'b649abb7674a9fc8c462fda08d5443a2') in 0.026122 seconds
  Import took 0.061595 seconds .

========================================================================
Received Import Request.
  Time since last request: 6.059830 seconds.
  path: Assets/UIAnimation/Camera.png
  artifactKey: Guid(c8110819ae43f43c8a1dda55777808cf) Importer(815301076,1909f56bfc062723c751e8b465ee728b)
Start importing Assets/UIAnimation/Camera.png using Guid(c8110819ae43f43c8a1dda55777808cf) Importer(815301076,1909f56bfc062723c751e8b465ee728b)  -> (artifact id: '8ce9be017f022087324c0868890d1c5a') in 0.077602 seconds
  Import took 0.080931 seconds .

========================================================================
Received Import Request.
  Time since last request: 55.233355 seconds.
  path: Assets/UITexture/CameraButton.png
  artifactKey: Guid(c8110819ae43f43c8a1dda55777808cf) Importer(815301076,1909f56bfc062723c751e8b465ee728b)
Start importing Assets/UITexture/CameraButton.png using Guid(c8110819ae43f43c8a1dda55777808cf) Importer(815301076,1909f56bfc062723c751e8b465ee728b)  -> (artifact id: 'a08fac09c545f993a93bcecf4ce36ce5') in 0.022434 seconds
  Import took 0.025574 seconds .

========================================================================
Received Import Request.
  Time since last request: 0.929473 seconds.
  path: Assets/UITexture/Cancel.png
  artifactKey: Guid(15ee99eca61a64cbe887a74146a07ad3) Importer(815301076,1909f56bfc062723c751e8b465ee728b)
Start importing Assets/UITexture/Cancel.png using Guid(15ee99eca61a64cbe887a74146a07ad3) Importer(815301076,1909f56bfc062723c751e8b465ee728b)  -> (artifact id: 'd5ed1a8391186966a61e0df7c60fc8c6') in 0.080446 seconds
  Import took 0.084656 seconds .

========================================================================
Received Import Request.
  Time since last request: 422.695004 seconds.
  path: Assets/UITexture/button-shutter-construction-shutter-icon-with-png-and-vector-303994.png
  artifactKey: Guid(12931153c4d4145daa1a9d1c1ad6727b) Importer(815301076,1909f56bfc062723c751e8b465ee728b)
Start importing Assets/UITexture/button-shutter-construction-shutter-icon-with-png-and-vector-303994.png using Guid(12931153c4d4145daa1a9d1c1ad6727b) Importer(815301076,1909f56bfc062723c751e8b465ee728b)  -> (artifact id: '29dfc65df2d76276cfb333ca9ff1788d') in 0.035765 seconds
  Import took 0.038945 seconds .

========================================================================
Received Import Request.
  Time since last request: 5.843697 seconds.
  path: Assets/UITexture/Shutter.png
  artifactKey: Guid(12931153c4d4145daa1a9d1c1ad6727b) Importer(815301076,1909f56bfc062723c751e8b465ee728b)
Start importing Assets/UITexture/Shutter.png using Guid(12931153c4d4145daa1a9d1c1ad6727b) Importer(815301076,1909f56bfc062723c751e8b465ee728b)  -> (artifact id: '7754f36b0ee90f969c15b633bb675801') in 0.030305 seconds
  Import took 0.033358 seconds .

========================================================================
Received Import Request.
  Time since last request: 21.029301 seconds.
  path: Assets/UITexture/Shutter.png
  artifactKey: Guid(12931153c4d4145daa1a9d1c1ad6727b) Importer(815301076,1909f56bfc062723c751e8b465ee728b)
Start importing Assets/UITexture/Shutter.png using Guid(12931153c4d4145daa1a9d1c1ad6727b) Importer(815301076,1909f56bfc062723c751e8b465ee728b)  -> (artifact id: '003f33df7e05ee3440941e39bd36c4b8') in 0.020175 seconds
  Import took 0.023344 seconds .

========================================================================
Received Import Request.
  Time since last request: 36.905627 seconds.
  path: Assets/UIAnimation/CancelButton.controller
  artifactKey: Guid(55d5f4f58f02a411f82f858fac084d4d) Importer(815301076,1909f56bfc062723c751e8b465ee728b)
Start importing Assets/UIAnimation/CancelButton.controller using Guid(55d5f4f58f02a411f82f858fac084d4d) Importer(815301076,1909f56bfc062723c751e8b465ee728b)  -> (artifact id: '4743d033a41300f178727d211b1ab5b6') in 0.361775 seconds
  Import took 0.413270 seconds .

========================================================================
Received Import Request.
  Time since last request: 0.394481 seconds.
  path: Assets/UIAnimation/ScaleUpButton.anim
  artifactKey: Guid(365cbb38fea664049bd50aa7dbdfdfcc) Importer(815301076,1909f56bfc062723c751e8b465ee728b)
Start importing Assets/UIAnimation/ScaleUpButton.anim using Guid(365cbb38fea664049bd50aa7dbdfdfcc) Importer(815301076,1909f56bfc062723c751e8b465ee728b)  -> (artifact id: 'c36864e309ca06749c360d7a0eb21a43') in 0.016225 seconds
  Import took 0.033434 seconds .

========================================================================
Received Import Request.
  Time since last request: 15.492574 seconds.
  path: Assets/UIAnimation/ScaleUpButton.anim
  artifactKey: Guid(365cbb38fea664049bd50aa7dbdfdfcc) Importer(815301076,1909f56bfc062723c751e8b465ee728b)
Start importing Assets/UIAnimation/ScaleUpButton.anim using Guid(365cbb38fea664049bd50aa7dbdfdfcc) Importer(815301076,1909f56bfc062723c751e8b465ee728b)  -> (artifact id: 'dbb1072d68d3b33117808f9193177d46') in 0.004513 seconds
  Import took 0.170248 seconds .

========================================================================
Received Import Request.
  Time since last request: 88.948572 seconds.
  path: Assets/UITexture/KakaoTalk_Photo_2021-03-27-13-52-16.jpeg
  artifactKey: Guid(87954890e9d524f5ea0a80ea0a6ef7e6) Importer(815301076,1909f56bfc062723c751e8b465ee728b)
Start importing Assets/UITexture/KakaoTalk_Photo_2021-03-27-13-52-16.jpeg using Guid(87954890e9d524f5ea0a80ea0a6ef7e6) Importer(815301076,1909f56bfc062723c751e8b465ee728b)  -> (artifact id: 'd61b241f95d6467fa85fb450db9ced69') in 0.540049 seconds
  Import took 0.543539 seconds .

========================================================================
Received Import Request.
  Time since last request: 4.952239 seconds.
  path: Assets/UITexture/KakaoTalk_Photo_2021-03-27-13-52-16.jpeg
  artifactKey: Guid(87954890e9d524f5ea0a80ea0a6ef7e6) Importer(815301076,1909f56bfc062723c751e8b465ee728b)
Start importing Assets/UITexture/KakaoTalk_Photo_2021-03-27-13-52-16.jpeg using Guid(87954890e9d524f5ea0a80ea0a6ef7e6) Importer(815301076,1909f56bfc062723c751e8b465ee728b)  -> (artifact id: '15947a30c38910300f52e5a46c952426') in 0.025819 seconds
  Import took 0.028930 seconds .

========================================================================
Received Import Request.
  Time since last request: 11.949190 seconds.
  path: Assets/UITexture/Example.jpeg
  artifactKey: Guid(87954890e9d524f5ea0a80ea0a6ef7e6) Importer(815301076,1909f56bfc062723c751e8b465ee728b)
Start importing Assets/UITexture/Example.jpeg using Guid(87954890e9d524f5ea0a80ea0a6ef7e6) Importer(815301076,1909f56bfc062723c751e8b465ee728b)  -> (artifact id: '89c7b596696fad535a0d3e1b6e5be6c1') in 0.018217 seconds
  Import took 0.109939 seconds .

========================================================================
Received Import Request.
  Time since last request: 2288.793078 seconds.
  path: Assets/UIAnimation/CancelButtonController.controller
  artifactKey: Guid(f0cc6b66770934334a874f484f06c140) Importer(815301076,1909f56bfc062723c751e8b465ee728b)
Start importing Assets/UIAnimation/CancelButtonController.controller using Guid(f0cc6b66770934334a874f484f06c140) Importer(815301076,1909f56bfc062723c751e8b465ee728b)  -> (artifact id: '45c60e5551d0b0a9683032069775a0e2') in 0.039936 seconds
  Import took 0.128142 seconds .

========================================================================
Received Import Request.
  Time since last request: 75.022945 seconds.
  path: Assets/UIAnimation/ShutterButtonController.controller
  artifactKey: Guid(fad888dfaaa354aba8b3144c38bcbd4d) Importer(815301076,1909f56bfc062723c751e8b465ee728b)
Start importing Assets/UIAnimation/ShutterButtonController.controller using Guid(fad888dfaaa354aba8b3144c38bcbd4d) Importer(815301076,1909f56bfc062723c751e8b465ee728b)  -> (artifact id: '1dab27103415f54a73b302ad60d923c8') in 0.019099 seconds
  Import took 0.070365 seconds .

========================================================================
Received Import Request.
  Time since last request: 498.685788 seconds.
  path: Assets/Scripts/CameraRotation.cs
  artifactKey: Guid(7a01c95bde963b942ac0e9a576bd0291) Importer(815301076,1909f56bfc062723c751e8b465ee728b)
Start importing Assets/Scripts/CameraRotation.cs using Guid(7a01c95bde963b942ac0e9a576bd0291) Importer(815301076,1909f56bfc062723c751e8b465ee728b)  -> (artifact id: '903fe62236a06030849bebaf3877007e') in 0.017131 seconds
  Import took 0.120433 seconds .

========================================================================
Received Import Request.
  Time since last request: 30.318509 seconds.
  path: Assets/Scripts/UI/UIConvert.cs
  artifactKey: Guid(dbed8e21ca724469fa7cc216fb8f5723) Importer(815301076,1909f56bfc062723c751e8b465ee728b)
Start importing Assets/Scripts/UI/UIConvert.cs using Guid(dbed8e21ca724469fa7cc216fb8f5723) Importer(815301076,1909f56bfc062723c751e8b465ee728b)  -> (artifact id: '6b5fc96bc4abdd28662e231e920c2615') in 0.031689 seconds
  Import took 0.085077 seconds .

========================================================================
Received Prepare
Registering precompiled user dll's ...
Registered in 0.791127 seconds.
Begin MonoManager ReloadAssembly
Native extension for LinuxStandalone target not found
Native extension for OSXStandalone target not found
Refreshing native plugins compatible for Editor in 0.65 ms, found 2 plugins.
Preloading 0 native plugins for Editor in 0.00 ms.
Invoked RoslynAnalysisRunner static constructor.
RoslynAnalysisRunner will not be running.
RoslynAnalysisRunner has terminated.
Mono: successfully reloaded assembly
- Completed reload, in  2.666 seconds
Platform modules already initialized, skipping
Refreshing native plugins compatible for Editor in 0.89 ms, found 2 plugins.
Preloading 0 native plugins for Editor in 0.00 ms.
Unloading 2394 Unused Serialized files (Serialized files now loaded: 0)
System memory in use before: 194.0 MB.
System memory in use after: 194.2 MB.

Unloading 27 unused Assets to reduce memory usage. Loaded Objects now: 2899.
Total: 2.156458 ms (FindLiveObjects: 0.180625 ms CreateObjectMapping: 0.061000 ms MarkObjects: 1.853334 ms  DeleteObjects: 0.060583 ms)

========================================================================
Received Import Request.
  Time since last request: 145.105210 seconds.
  path: Assets/Scripts/UI/UIConvert.cs
  artifactKey: Guid(dbed8e21ca724469fa7cc216fb8f5723) Importer(815301076,1909f56bfc062723c751e8b465ee728b)
Start importing Assets/Scripts/UI/UIConvert.cs using Guid(dbed8e21ca724469fa7cc216fb8f5723) Importer(815301076,1909f56bfc062723c751e8b465ee728b)  -> (artifact id: '10edef02eca4c23e64b19398d2814b97') in 0.021004 seconds
  Import took 0.024808 seconds .

========================================================================
Received Prepare
Registering precompiled user dll's ...
Registered in 0.451719 seconds.
Begin MonoManager ReloadAssembly
Native extension for LinuxStandalone target not found
Native extension for OSXStandalone target not found
Refreshing native plugins compatible for Editor in 0.68 ms, found 2 plugins.
Preloading 0 native plugins for Editor in 0.00 ms.
Invoked RoslynAnalysisRunner static constructor.
RoslynAnalysisRunner will not be running.
RoslynAnalysisRunner has terminated.
Mono: successfully reloaded assembly
- Completed reload, in  2.987 seconds
Platform modules already initialized, skipping
Refreshing native plugins compatible for Editor in 0.82 ms, found 2 plugins.
Preloading 0 native plugins for Editor in 0.00 ms.
Unloading 2393 Unused Serialized files (Serialized files now loaded: 0)
System memory in use before: 194.2 MB.
System memory in use after: 194.4 MB.

Unloading 28 unused Assets to reduce memory usage. Loaded Objects now: 2902.
Total: 1.638000 ms (FindLiveObjects: 0.158042 ms CreateObjectMapping: 0.048250 ms MarkObjects: 1.392292 ms  DeleteObjects: 0.038500 ms)

========================================================================
Received Prepare
Registering precompiled user dll's ...
Registered in 0.291490 seconds.
Begin MonoManager ReloadAssembly
Native extension for LinuxStandalone target not found
Native extension for OSXStandalone target not found
Refreshing native plugins compatible for Editor in 0.63 ms, found 2 plugins.
Preloading 0 native plugins for Editor in 0.00 ms.
Invoked RoslynAnalysisRunner static constructor.
RoslynAnalysisRunner will not be running.
RoslynAnalysisRunner has terminated.
Mono: successfully reloaded assembly
- Completed reload, in  1.884 seconds
Platform modules already initialized, skipping
Refreshing native plugins compatible for Editor in 0.80 ms, found 2 plugins.
Preloading 0 native plugins for Editor in 0.00 ms.
Unloading 2393 Unused Serialized files (Serialized files now loaded: 0)
System memory in use before: 194.5 MB.
System memory in use after: 194.7 MB.

Unloading 27 unused Assets to reduce memory usage. Loaded Objects now: 2906.
Total: 1.619958 ms (FindLiveObjects: 0.171042 ms CreateObjectMapping: 0.048208 ms MarkObjects: 1.355625 ms  DeleteObjects: 0.044250 ms)

========================================================================
Received Prepare
Registering precompiled user dll's ...
Registered in 0.278916 seconds.
Begin MonoManager ReloadAssembly
Native extension for LinuxStandalone target not found
Native extension for OSXStandalone target not found
Refreshing native plugins compatible for Editor in 0.63 ms, found 2 plugins.
Preloading 0 native plugins for Editor in 0.00 ms.
Invoked RoslynAnalysisRunner static constructor.
RoslynAnalysisRunner will not be running.
RoslynAnalysisRunner has terminated.
Mono: successfully reloaded assembly
- Completed reload, in  2.965 seconds
Platform modules already initialized, skipping
Refreshing native plugins compatible for Editor in 0.90 ms, found 2 plugins.
Preloading 0 native plugins for Editor in 0.00 ms.
Unloading 2393 Unused Serialized files (Serialized files now loaded: 0)
System memory in use before: 194.7 MB.
System memory in use after: 194.9 MB.

Unloading 27 unused Assets to reduce memory usage. Loaded Objects now: 2910.
Total: 2.110792 ms (FindLiveObjects: 0.225875 ms CreateObjectMapping: 0.060208 ms MarkObjects: 1.772166 ms  DeleteObjects: 0.051250 ms)

========================================================================
Received Prepare
Registering precompiled user dll's ...
Registered in 0.181548 seconds.
Begin MonoManager ReloadAssembly
Native extension for LinuxStandalone target not found
Native extension for OSXStandalone target not found
Refreshing native plugins compatible for Editor in 0.64 ms, found 2 plugins.
Preloading 0 native plugins for Editor in 0.00 ms.
Invoked RoslynAnalysisRunner static constructor.
RoslynAnalysisRunner will not be running.
RoslynAnalysisRunner has terminated.
Mono: successfully reloaded assembly
- Completed reload, in  3.044 seconds
Platform modules already initialized, skipping
Refreshing native plugins compatible for Editor in 0.64 ms, found 2 plugins.
Preloading 0 native plugins for Editor in 0.00 ms.
Unloading 2393 Unused Serialized files (Serialized files now loaded: 0)
System memory in use before: 194.9 MB.
System memory in use after: 195.1 MB.

Unloading 27 unused Assets to reduce memory usage. Loaded Objects now: 2914.
Total: 1.904708 ms (FindLiveObjects: 0.323084 ms CreateObjectMapping: 0.050166 ms MarkObjects: 1.481333 ms  DeleteObjects: 0.049041 ms)

========================================================================
Received Prepare
Registering precompiled user dll's ...
Registered in 0.185122 seconds.
Begin MonoManager ReloadAssembly
Native extension for LinuxStandalone target not found
Native extension for OSXStandalone target not found
Refreshing native plugins compatible for Editor in 0.66 ms, found 2 plugins.
Preloading 0 native plugins for Editor in 0.00 ms.
Invoked RoslynAnalysisRunner static constructor.
RoslynAnalysisRunner will not be running.
RoslynAnalysisRunner has terminated.
Mono: successfully reloaded assembly
- Completed reload, in  3.055 seconds
Platform modules already initialized, skipping
Refreshing native plugins compatible for Editor in 0.65 ms, found 2 plugins.
Preloading 0 native plugins for Editor in 0.00 ms.
Unloading 2393 Unused Serialized files (Serialized files now loaded: 0)
System memory in use before: 195.3 MB.
System memory in use after: 195.5 MB.

Unloading 27 unused Assets to reduce memory usage. Loaded Objects now: 2918.
Total: 1.630083 ms (FindLiveObjects: 0.179125 ms CreateObjectMapping: 0.049000 ms MarkObjects: 1.359750 ms  DeleteObjects: 0.041125 ms)

========================================================================
Received Import Request.
  Time since last request: 1196.153118 seconds.
  path: Assets/UITexture/Detail.png
  artifactKey: Guid(31904615b4d7f4a3aa706da17eb4750d) Importer(815301076,1909f56bfc062723c751e8b465ee728b)
Start importing Assets/UITexture/Detail.png using Guid(31904615b4d7f4a3aa706da17eb4750d) Importer(815301076,1909f56bfc062723c751e8b465ee728b)  -> (artifact id: '1f700df62edb1efa42b77148986f1dcf') in 0.103019 seconds
  Import took 0.106020 seconds .

========================================================================
Received Import Request.
  Time since last request: 0.000229 seconds.
  path: Assets/UITexture/icons8-constellation-64.png
  artifactKey: Guid(8ba7efa466f2449ff9ad70b90e8a6f69) Importer(815301076,1909f56bfc062723c751e8b465ee728b)
Start importing Assets/UITexture/icons8-constellation-64.png using Guid(8ba7efa466f2449ff9ad70b90e8a6f69) Importer(815301076,1909f56bfc062723c751e8b465ee728b)  -> (artifact id: 'defba7c969c8f672b1ad4f4cfb7321ca') in 0.023224 seconds
  Import took 0.025777 seconds .

========================================================================
Received Import Request.
  Time since last request: 4.955639 seconds.
  path: Assets/UITexture/Detail2.png
  artifactKey: Guid(8ba7efa466f2449ff9ad70b90e8a6f69) Importer(815301076,1909f56bfc062723c751e8b465ee728b)
Start importing Assets/UITexture/Detail2.png using Guid(8ba7efa466f2449ff9ad70b90e8a6f69) Importer(815301076,1909f56bfc062723c751e8b465ee728b)  -> (artifact id: '7e799919f4641576e727c7848d5e7a6d') in 0.007081 seconds
  Import took 0.010455 seconds .

========================================================================
Received Import Request.
  Time since last request: 5.867809 seconds.
  path: Assets/UITexture/Detail.png
  artifactKey: Guid(31904615b4d7f4a3aa706da17eb4750d) Importer(815301076,1909f56bfc062723c751e8b465ee728b)
Start importing Assets/UITexture/Detail.png using Guid(31904615b4d7f4a3aa706da17eb4750d) Importer(815301076,1909f56bfc062723c751e8b465ee728b)  -> (artifact id: 'e429282571ef9415a77fcd3070360e74') in 0.060331 seconds
  Import took 0.063439 seconds .

========================================================================
Received Prepare
Registering precompiled user dll's ...
Registered in 0.185565 seconds.
Begin MonoManager ReloadAssembly
Native extension for LinuxStandalone target not found
Native extension for OSXStandalone target not found
Refreshing native plugins compatible for Editor in 0.64 ms, found 2 plugins.
Preloading 0 native plugins for Editor in 0.00 ms.
Invoked RoslynAnalysisRunner static constructor.
RoslynAnalysisRunner will not be running.
RoslynAnalysisRunner has terminated.
Mono: successfully reloaded assembly
- Completed reload, in  3.070 seconds
Platform modules already initialized, skipping
Refreshing native plugins compatible for Editor in 0.85 ms, found 2 plugins.
Preloading 0 native plugins for Editor in 0.00 ms.
Unloading 2393 Unused Serialized files (Serialized files now loaded: 0)
System memory in use before: 195.5 MB.
System memory in use after: 195.8 MB.

Unloading 27 unused Assets to reduce memory usage. Loaded Objects now: 2924.
Total: 1.770416 ms (FindLiveObjects: 0.206416 ms CreateObjectMapping: 0.052417 ms MarkObjects: 1.466208 ms  DeleteObjects: 0.044541 ms)

========================================================================
Received Import Request.
  Time since last request: 808.696061 seconds.
  path: Assets/UITexture/Screen Shot 2021-03-28 at 3.59.41 PM.png
  artifactKey: Guid(551c26d774fb24d8db76c07d492ea0a9) Importer(815301076,1909f56bfc062723c751e8b465ee728b)
Start importing Assets/UITexture/Screen Shot 2021-03-28 at 3.59.41 PM.png using Guid(551c26d774fb24d8db76c07d492ea0a9) Importer(815301076,1909f56bfc062723c751e8b465ee728b)  -> (artifact id: 'd8af2d26cff3926a54caa19ebf1d23c6') in 0.173296 seconds
  Import took 0.185043 seconds .

========================================================================
Received Import Request.
  Time since last request: 10.723672 seconds.
  path: Assets/UITexture/Constellation.png
  artifactKey: Guid(551c26d774fb24d8db76c07d492ea0a9) Importer(815301076,1909f56bfc062723c751e8b465ee728b)
Start importing Assets/UITexture/Constellation.png using Guid(551c26d774fb24d8db76c07d492ea0a9) Importer(815301076,1909f56bfc062723c751e8b465ee728b)  -> (artifact id: 'fb56270f945813d5c61c2144d7ec9161') in 0.032986 seconds
  Import took 0.036001 seconds .

========================================================================
Received Import Request.
  Time since last request: 9.784040 seconds.
  path: Assets/UITexture/Constellation.png
  artifactKey: Guid(551c26d774fb24d8db76c07d492ea0a9) Importer(815301076,1909f56bfc062723c751e8b465ee728b)
Start importing Assets/UITexture/Constellation.png using Guid(551c26d774fb24d8db76c07d492ea0a9) Importer(815301076,1909f56bfc062723c751e8b465ee728b)  -> (artifact id: '8156fa4195873eaa9953b4d09d874ce6') in 0.078620 seconds
  Import took 0.081746 seconds .

========================================================================
Received Import Request.
  Time since last request: 431.546045 seconds.
  path: Assets/UITexture/2.png
  artifactKey: Guid(20ad58467b8f74ea68cf427389465d89) Importer(815301076,1909f56bfc062723c751e8b465ee728b)
Start importing Assets/UITexture/2.png using Guid(20ad58467b8f74ea68cf427389465d89) Importer(815301076,1909f56bfc062723c751e8b465ee728b)  -> (artifact id: '90740587127b9529465daa21f088adca') in 0.037662 seconds
  Import took 0.047293 seconds .

========================================================================
Received Import Request.
  Time since last request: 0.793005 seconds.
  path: Assets/UITexture/1.png
  artifactKey: Guid(94c0aedc77ffa427a985ce6ea6a25b03) Importer(815301076,1909f56bfc062723c751e8b465ee728b)
Start importing Assets/UITexture/1.png using Guid(94c0aedc77ffa427a985ce6ea6a25b03) Importer(815301076,1909f56bfc062723c751e8b465ee728b)  -> (artifact id: 'fa9eb92359d726d010b1235b74550650') in 0.024506 seconds
  Import took 0.028376 seconds .

========================================================================
Received Import Request.
  Time since last request: 11.193274 seconds.
  path: Assets/UITexture/1.png
  artifactKey: Guid(94c0aedc77ffa427a985ce6ea6a25b03) Importer(815301076,1909f56bfc062723c751e8b465ee728b)
Start importing Assets/UITexture/1.png using Guid(94c0aedc77ffa427a985ce6ea6a25b03) Importer(815301076,1909f56bfc062723c751e8b465ee728b)  -> (artifact id: '44da18adf4da57a1983755ceac2c5c11') in 0.038975 seconds
  Import took 0.042041 seconds .

========================================================================
Received Import Request.
  Time since last request: 240.698378 seconds.
  path: Assets/UITexture/2.png
  artifactKey: Guid(20ad58467b8f74ea68cf427389465d89) Importer(815301076,1909f56bfc062723c751e8b465ee728b)
Start importing Assets/UITexture/2.png using Guid(20ad58467b8f74ea68cf427389465d89) Importer(815301076,1909f56bfc062723c751e8b465ee728b)  -> (artifact id: '280aac1c7dd6a4e6e1187dbcebf74e55') in 0.058741 seconds
  Import took 0.061775 seconds .

========================================================================
Received Prepare
Registering precompiled user dll's ...
Registered in 0.624109 seconds.
Begin MonoManager ReloadAssembly
Native extension for LinuxStandalone target not found
Native extension for OSXStandalone target not found
Refreshing native plugins compatible for Editor in 0.63 ms, found 2 plugins.
Preloading 0 native plugins for Editor in 0.00 ms.
Invoked RoslynAnalysisRunner static constructor.
RoslynAnalysisRunner will not be running.
RoslynAnalysisRunner has terminated.
Mono: successfully reloaded assembly
- Completed reload, in  2.989 seconds
Platform modules already initialized, skipping
Refreshing native plugins compatible for Editor in 0.77 ms, found 2 plugins.
Preloading 0 native plugins for Editor in 0.00 ms.
Unloading 2393 Unused Serialized files (Serialized files now loaded: 0)
System memory in use before: 195.9 MB.
System memory in use after: 196.1 MB.

Unloading 27 unused Assets to reduce memory usage. Loaded Objects now: 2935.
Total: 1.600084 ms (FindLiveObjects: 0.178667 ms CreateObjectMapping: 0.048916 ms MarkObjects: 1.328292 ms  DeleteObjects: 0.043375 ms)

