Using pre-set license

 COMMAND LINE ARGUMENTS:
/Users/terry/Documents/AR/2020.3.0f1/Unity.app/Contents/MacOS/Unity
-adb2
-batchMode
-noUpm
-name
AssetImportWorker1
-projectPath
/Volumes/Backup Plus/AR/immersive/IMP_Project_ConstellationsAR/ConstellationsAR
-logFile
Logs/AssetImportWorker1.log
-srvPort
52859
Successfully changed project path to: /Volumes/Backup Plus/AR/immersive/IMP_Project_ConstellationsAR/ConstellationsAR
/Volumes/Backup Plus/AR/immersive/IMP_Project_ConstellationsAR/ConstellationsAR
Using Asset Import Pipeline V2.
Refreshing native plugins compatible for Editor in 366.35 ms, found 2 plugins.
Preloading 0 native plugins for Editor in 0.00 ms.
Initialize engine version: 2020.3.0f1 (c7b5465681fb)
[Subsystems] Discovering subsystems at path /Users/terry/Documents/AR/2020.3.0f1/Unity.app/Contents/Resources/UnitySubsystems
[Subsystems] Discovering subsystems at path /Volumes/Backup Plus/AR/immersive/IMP_Project_ConstellationsAR/ConstellationsAR/Assets
GfxDevice: creating device client; threaded=0
2021-04-01 19:05:43.217 Unity[6585:223964] (null) preferred device: Apple M1 (high power)
2021-04-01 19:05:43.217 Unity[6585:223964] Metal devices available: 1
2021-04-01 19:05:43.217 Unity[6585:223964] 0: Apple M1 (high power)
2021-04-01 19:05:43.218 Unity[6585:223964] Using device Apple M1 (high power)
Initializing Metal device caps: Apple M1
Initialize mono
Mono path[0] = '/Users/terry/Documents/AR/2020.3.0f1/Unity.app/Contents/Managed'
Mono path[1] = '/Users/terry/Documents/AR/2020.3.0f1/Unity.app/Contents/MonoBleedingEdge/lib/mono/unityjit'
Mono config path = '/Users/terry/Documents/AR/2020.3.0f1/Unity.app/Contents/MonoBleedingEdge/etc'
Using monoOptions --debugger-agent=transport=dt_socket,embedding=1,server=y,suspend=n,address=127.0.0.1:56585
Begin MonoManager ReloadAssembly
Registering precompiled unity dll's ...
Register platform support module: /Users/terry/Documents/AR/2020.3.0f1/Unity.app/Contents/PlaybackEngines/MacStandaloneSupport/UnityEditor.OSXStandalone.Extensions.dll
Register platform support module: /Users/terry/Documents/AR/2020.3.0f1/PlaybackEngines/LinuxStandaloneSupport/UnityEditor.LinuxStandalone.Extensions.dll
Registered in 0.000441 seconds.
Native extension for LinuxStandalone target not found
Native extension for OSXStandalone target not found
Refreshing native plugins compatible for Editor in 49.38 ms, found 2 plugins.
Preloading 0 native plugins for Editor in 0.00 ms.
Invoked RoslynAnalysisRunner static constructor.
RoslynAnalysisRunner will not be running.
RoslynAnalysisRunner has terminated.
Mono: successfully reloaded assembly
- Completed reload, in  2.786 seconds
Platform modules already initialized, skipping
Registering precompiled user dll's ...
Registered in 0.769024 seconds.
Begin MonoManager ReloadAssembly
Native extension for LinuxStandalone target not found
Native extension for OSXStandalone target not found
Refreshing native plugins compatible for Editor in 50.91 ms, found 2 plugins.
Preloading 0 native plugins for Editor in 0.00 ms.
Invoked RoslynAnalysisRunner static constructor.
RoslynAnalysisRunner will not be running.
RoslynAnalysisRunner has terminated.
Mono: successfully reloaded assembly
- Completed reload, in  2.087 seconds
Platform modules already initialized, skipping
========================================================================
Worker process is ready to serve import requests
Launching external process: /Users/terry/Documents/AR/2020.3.0f1/Unity.app/Contents/Tools/UnityShaderCompiler
Launched and connected shader compiler UnityShaderCompiler after 0.03 seconds
Refreshing native plugins compatible for Editor in 0.73 ms, found 2 plugins.
Preloading 0 native plugins for Editor in 0.00 ms.
Unloading 2442 Unused Serialized files (Serialized files now loaded: 0)
System memory in use before: 166.8 MB.
System memory in use after: 167.0 MB.

Unloading 38 unused Assets to reduce memory usage. Loaded Objects now: 2874.
Total: 2.664959 ms (FindLiveObjects: 0.200916 ms CreateObjectMapping: 0.051084 ms MarkObjects: 2.321458 ms  DeleteObjects: 0.090375 ms)

========================================================================
Received Import Request.
  path: Assets/UIAnimation/Menu Controller.controller
  artifactKey: Guid(f2d4a79bf0dae4e5ba1e90910dfe297c) Importer(815301076,1909f56bfc062723c751e8b465ee728b)
Start importing Assets/UIAnimation/Menu Controller.controller using Guid(f2d4a79bf0dae4e5ba1e90910dfe297c) Importer(815301076,1909f56bfc062723c751e8b465ee728b)  -> (artifact id: '3f5fd8881714f6b0233a9f4d9bc00a5b') in 0.610195 seconds
  Import took 0.799076 seconds .

========================================================================
Received Import Request.
  Time since last request: 1.056499 seconds.
  path: Assets/UIAnimation/Menu Controller.controller
  artifactKey: Guid(f2d4a79bf0dae4e5ba1e90910dfe297c) Importer(815301076,1909f56bfc062723c751e8b465ee728b)
Start importing Assets/UIAnimation/Menu Controller.controller using Guid(f2d4a79bf0dae4e5ba1e90910dfe297c) Importer(815301076,1909f56bfc062723c751e8b465ee728b)  -> (artifact id: '3f5fd8881714f6b0233a9f4d9bc00a5b') in 0.003656 seconds
  Import took 0.122706 seconds .

========================================================================
Received Prepare
Refreshing native plugins compatible for Editor in 308.14 ms, found 2 plugins.
Preloading 0 native plugins for Editor in 0.00 ms.
Unloading 24 Unused Serialized files (Serialized files now loaded: 0)
System memory in use before: 121.5 MB.
System memory in use after: 121.7 MB.

Unloading 24 unused Assets to reduce memory usage. Loaded Objects now: 2874.
Total: 2.101333 ms (FindLiveObjects: 0.250542 ms CreateObjectMapping: 0.052459 ms MarkObjects: 1.764291 ms  DeleteObjects: 0.033083 ms)

========================================================================
Received Prepare
Registering precompiled user dll's ...
Registered in 0.206043 seconds.
Begin MonoManager ReloadAssembly
Native extension for LinuxStandalone target not found
Native extension for OSXStandalone target not found
Refreshing native plugins compatible for Editor in 0.64 ms, found 2 plugins.
Preloading 0 native plugins for Editor in 0.00 ms.
Invoked RoslynAnalysisRunner static constructor.
RoslynAnalysisRunner will not be running.
RoslynAnalysisRunner has terminated.
Mono: successfully reloaded assembly
- Completed reload, in  2.938 seconds
Platform modules already initialized, skipping
Refreshing native plugins compatible for Editor in 0.65 ms, found 2 plugins.
Preloading 0 native plugins for Editor in 0.00 ms.
Unloading 2393 Unused Serialized files (Serialized files now loaded: 0)
System memory in use before: 169.6 MB.
System memory in use after: 169.8 MB.

Unloading 27 unused Assets to reduce memory usage. Loaded Objects now: 2878.
Total: 1.653292 ms (FindLiveObjects: 0.190542 ms CreateObjectMapping: 0.049709 ms MarkObjects: 1.367417 ms  DeleteObjects: 0.043917 ms)

========================================================================
Received Prepare
Registering precompiled user dll's ...
Registered in 0.213913 seconds.
Begin MonoManager ReloadAssembly
Native extension for LinuxStandalone target not found
Native extension for OSXStandalone target not found
Refreshing native plugins compatible for Editor in 0.64 ms, found 2 plugins.
Preloading 0 native plugins for Editor in 0.00 ms.
Invoked RoslynAnalysisRunner static constructor.
RoslynAnalysisRunner will not be running.
RoslynAnalysisRunner has terminated.
Mono: successfully reloaded assembly
- Completed reload, in  3.018 seconds
Platform modules already initialized, skipping
Refreshing native plugins compatible for Editor in 0.81 ms, found 2 plugins.
Preloading 0 native plugins for Editor in 0.00 ms.
Unloading 2393 Unused Serialized files (Serialized files now loaded: 0)
System memory in use before: 169.9 MB.
System memory in use after: 170.1 MB.

Unloading 27 unused Assets to reduce memory usage. Loaded Objects now: 2882.
Total: 1.698625 ms (FindLiveObjects: 0.204292 ms CreateObjectMapping: 0.050000 ms MarkObjects: 1.400292 ms  DeleteObjects: 0.042875 ms)

========================================================================
Received Prepare
Registering precompiled user dll's ...
Registered in 0.201976 seconds.
Begin MonoManager ReloadAssembly
Native extension for LinuxStandalone target not found
Native extension for OSXStandalone target not found
Refreshing native plugins compatible for Editor in 0.68 ms, found 2 plugins.
Preloading 0 native plugins for Editor in 0.00 ms.
Invoked RoslynAnalysisRunner static constructor.
RoslynAnalysisRunner will not be running.
RoslynAnalysisRunner has terminated.
Mono: successfully reloaded assembly
- Completed reload, in  3.050 seconds
Platform modules already initialized, skipping
Refreshing native plugins compatible for Editor in 0.83 ms, found 2 plugins.
Preloading 0 native plugins for Editor in 0.00 ms.
Unloading 2393 Unused Serialized files (Serialized files now loaded: 0)
System memory in use before: 170.2 MB.
System memory in use after: 170.4 MB.

Unloading 27 unused Assets to reduce memory usage. Loaded Objects now: 2886.
Total: 1.620250 ms (FindLiveObjects: 0.181208 ms CreateObjectMapping: 0.049333 ms MarkObjects: 1.344750 ms  DeleteObjects: 0.043958 ms)

========================================================================
Received Import Request.
  Time since last request: 1593.677739 seconds.
  path: Assets/UIAnimation/UI.controller
  artifactKey: Guid(2e48a215e0d49462d995db079af7d5d8) Importer(815301076,1909f56bfc062723c751e8b465ee728b)
Start importing Assets/UIAnimation/UI.controller using Guid(2e48a215e0d49462d995db079af7d5d8) Importer(815301076,1909f56bfc062723c751e8b465ee728b)  -> (artifact id: '2b6e83dc1d51ec877aa7ea701ebe889b') in 0.033039 seconds
  Import took 0.097009 seconds .

========================================================================
Received Import Request.
  Time since last request: 6.447733 seconds.
  path: Assets/UIAnimation/Menu Controller.controller
  artifactKey: Guid(2e48a215e0d49462d995db079af7d5d8) Importer(815301076,1909f56bfc062723c751e8b465ee728b)
Start importing Assets/UIAnimation/Menu Controller.controller using Guid(2e48a215e0d49462d995db079af7d5d8) Importer(815301076,1909f56bfc062723c751e8b465ee728b)  -> (artifact id: '71d1a62f9bd1649065b75ad530e4d2c8') in 0.002688 seconds
  Import took 0.013118 seconds .

========================================================================
Received Import Request.
  Time since last request: 1.167089 seconds.
  path: Assets/UIAnimation/Menu Controller.anim
  artifactKey: Guid(5b756e852dac24ed0b18262236ea52d4) Importer(815301076,1909f56bfc062723c751e8b465ee728b)
Start importing Assets/UIAnimation/Menu Controller.anim using Guid(5b756e852dac24ed0b18262236ea52d4) Importer(815301076,1909f56bfc062723c751e8b465ee728b)  -> (artifact id: 'dfa4f9438ff94b0b271f44b21ca66dae') in 0.235136 seconds
  Import took 0.297067 seconds .

========================================================================
Received Import Request.
  Time since last request: 4.756916 seconds.
  path: Assets/UIAnimation/Information.anim
  artifactKey: Guid(5b756e852dac24ed0b18262236ea52d4) Importer(815301076,1909f56bfc062723c751e8b465ee728b)
Start importing Assets/UIAnimation/Information.anim using Guid(5b756e852dac24ed0b18262236ea52d4) Importer(815301076,1909f56bfc062723c751e8b465ee728b)  -> (artifact id: 'b98e5a0279cdcadc6edf3bb27068e0b3') in 0.003241 seconds
  Import took 0.017535 seconds .

========================================================================
Received Prepare
Registering precompiled user dll's ...
Registered in 0.219765 seconds.
Begin MonoManager ReloadAssembly
Native extension for LinuxStandalone target not found
Native extension for OSXStandalone target not found
Refreshing native plugins compatible for Editor in 0.64 ms, found 2 plugins.
Preloading 0 native plugins for Editor in 0.00 ms.
Invoked RoslynAnalysisRunner static constructor.
RoslynAnalysisRunner will not be running.
RoslynAnalysisRunner has terminated.
Mono: successfully reloaded assembly
- Completed reload, in  2.897 seconds
Platform modules already initialized, skipping
Refreshing native plugins compatible for Editor in 0.67 ms, found 2 plugins.
Preloading 0 native plugins for Editor in 0.00 ms.
Unloading 2393 Unused Serialized files (Serialized files now loaded: 0)
System memory in use before: 174.7 MB.
System memory in use after: 174.9 MB.

Unloading 27 unused Assets to reduce memory usage. Loaded Objects now: 2890.
Total: 1.758833 ms (FindLiveObjects: 0.195584 ms CreateObjectMapping: 0.049042 ms MarkObjects: 1.472125 ms  DeleteObjects: 0.041083 ms)

========================================================================
Received Import Request.
  Time since last request: 1293.172371 seconds.
  path: Assets/UIAnimation/Home.anim
  artifactKey: Guid(5e181bff74c0646c5b279c6a7baa9790) Importer(815301076,1909f56bfc062723c751e8b465ee728b)
Start importing Assets/UIAnimation/Home.anim using Guid(5e181bff74c0646c5b279c6a7baa9790) Importer(815301076,1909f56bfc062723c751e8b465ee728b)  -> (artifact id: 'ee681350bf9a470efb9b7e98e3c211b2') in 0.036137 seconds
  Import took 0.055369 seconds .

========================================================================
Received Prepare
Registering precompiled user dll's ...
Registered in 0.207487 seconds.
Begin MonoManager ReloadAssembly
Native extension for LinuxStandalone target not found
Native extension for OSXStandalone target not found
Refreshing native plugins compatible for Editor in 0.63 ms, found 2 plugins.
Preloading 0 native plugins for Editor in 0.00 ms.
Invoked RoslynAnalysisRunner static constructor.
RoslynAnalysisRunner will not be running.
RoslynAnalysisRunner has terminated.
Mono: successfully reloaded assembly
- Completed reload, in  1.871 seconds
Platform modules already initialized, skipping
Refreshing native plugins compatible for Editor in 0.68 ms, found 2 plugins.
Preloading 0 native plugins for Editor in 0.00 ms.
Unloading 2393 Unused Serialized files (Serialized files now loaded: 0)
System memory in use before: 174.8 MB.
System memory in use after: 175.0 MB.

Unloading 27 unused Assets to reduce memory usage. Loaded Objects now: 2894.
Total: 1.904292 ms (FindLiveObjects: 0.225375 ms CreateObjectMapping: 0.048667 ms MarkObjects: 1.592042 ms  DeleteObjects: 0.037250 ms)

========================================================================
Received Prepare
Registering precompiled user dll's ...
Registered in 0.198912 seconds.
Begin MonoManager ReloadAssembly
Native extension for LinuxStandalone target not found
Native extension for OSXStandalone target not found
Refreshing native plugins compatible for Editor in 0.63 ms, found 2 plugins.
Preloading 0 native plugins for Editor in 0.00 ms.
Invoked RoslynAnalysisRunner static constructor.
RoslynAnalysisRunner will not be running.
RoslynAnalysisRunner has terminated.
Mono: successfully reloaded assembly
- Completed reload, in  3.759 seconds
Platform modules already initialized, skipping
Refreshing native plugins compatible for Editor in 0.81 ms, found 2 plugins.
Preloading 0 native plugins for Editor in 0.00 ms.
Unloading 2393 Unused Serialized files (Serialized files now loaded: 0)
System memory in use before: 175.1 MB.
System memory in use after: 175.3 MB.

Unloading 27 unused Assets to reduce memory usage. Loaded Objects now: 2898.
Total: 1.638250 ms (FindLiveObjects: 0.190000 ms CreateObjectMapping: 0.048667 ms MarkObjects: 1.364209 ms  DeleteObjects: 0.034500 ms)

========================================================================
Received Prepare
Registering precompiled user dll's ...
Registered in 0.232768 seconds.
Begin MonoManager ReloadAssembly
Native extension for LinuxStandalone target not found
Native extension for OSXStandalone target not found
Refreshing native plugins compatible for Editor in 0.63 ms, found 2 plugins.
Preloading 0 native plugins for Editor in 0.00 ms.
Invoked RoslynAnalysisRunner static constructor.
RoslynAnalysisRunner will not be running.
RoslynAnalysisRunner has terminated.
Mono: successfully reloaded assembly
- Completed reload, in  1.826 seconds
Platform modules already initialized, skipping
Refreshing native plugins compatible for Editor in 0.67 ms, found 2 plugins.
Preloading 0 native plugins for Editor in 0.00 ms.
Unloading 2393 Unused Serialized files (Serialized files now loaded: 0)
System memory in use before: 175.3 MB.
System memory in use after: 175.5 MB.

Unloading 27 unused Assets to reduce memory usage. Loaded Objects now: 2902.
Total: 1.644334 ms (FindLiveObjects: 0.169833 ms CreateObjectMapping: 0.048500 ms MarkObjects: 1.394000 ms  DeleteObjects: 0.031125 ms)

========================================================================
Received Prepare
Registering precompiled user dll's ...
Registered in 0.189408 seconds.
Begin MonoManager ReloadAssembly
Native extension for LinuxStandalone target not found
Native extension for OSXStandalone target not found
Refreshing native plugins compatible for Editor in 0.64 ms, found 2 plugins.
Preloading 0 native plugins for Editor in 0.00 ms.
Invoked RoslynAnalysisRunner static constructor.
RoslynAnalysisRunner will not be running.
RoslynAnalysisRunner has terminated.
Mono: successfully reloaded assembly
- Completed reload, in  2.847 seconds
Platform modules already initialized, skipping
Refreshing native plugins compatible for Editor in 0.80 ms, found 2 plugins.
Preloading 0 native plugins for Editor in 0.00 ms.
Unloading 2393 Unused Serialized files (Serialized files now loaded: 0)
System memory in use before: 175.5 MB.
System memory in use after: 175.8 MB.

Unloading 27 unused Assets to reduce memory usage. Loaded Objects now: 2906.
Total: 1.635542 ms (FindLiveObjects: 0.169541 ms CreateObjectMapping: 0.050792 ms MarkObjects: 1.370708 ms  DeleteObjects: 0.043292 ms)

========================================================================
Received Prepare
Registering precompiled user dll's ...
Registered in 0.467070 seconds.
Begin MonoManager ReloadAssembly
Native extension for LinuxStandalone target not found
Native extension for OSXStandalone target not found
Refreshing native plugins compatible for Editor in 0.65 ms, found 2 plugins.
Preloading 0 native plugins for Editor in 0.00 ms.
Invoked RoslynAnalysisRunner static constructor.
RoslynAnalysisRunner will not be running.
RoslynAnalysisRunner has terminated.
Mono: successfully reloaded assembly
- Completed reload, in  2.997 seconds
Platform modules already initialized, skipping
Refreshing native plugins compatible for Editor in 0.81 ms, found 2 plugins.
Preloading 0 native plugins for Editor in 0.00 ms.
Unloading 2393 Unused Serialized files (Serialized files now loaded: 0)
System memory in use before: 175.8 MB.
System memory in use after: 176.0 MB.

Unloading 27 unused Assets to reduce memory usage. Loaded Objects now: 2910.
Total: 1.705291 ms (FindLiveObjects: 0.166375 ms CreateObjectMapping: 0.047500 ms MarkObjects: 1.444375 ms  DeleteObjects: 0.046083 ms)

========================================================================
Received Import Request.
  Time since last request: 1227.677429 seconds.
  path: Assets/UIAnimation/UI.controller
  artifactKey: Guid(fa38bfff07e7540359cd4447641b6e46) Importer(815301076,1909f56bfc062723c751e8b465ee728b)
Start importing Assets/UIAnimation/UI.controller using Guid(fa38bfff07e7540359cd4447641b6e46) Importer(815301076,1909f56bfc062723c751e8b465ee728b)  -> (artifact id: 'cfcba67f446967d680cc1038103491ec') in 0.031810 seconds
  Import took 0.098428 seconds .

========================================================================
Received Import Request.
  Time since last request: 9.334072 seconds.
  path: Assets/UIAnimation/Menu Controller.controller
  artifactKey: Guid(fa38bfff07e7540359cd4447641b6e46) Importer(815301076,1909f56bfc062723c751e8b465ee728b)
Start importing Assets/UIAnimation/Menu Controller.controller using Guid(fa38bfff07e7540359cd4447641b6e46) Importer(815301076,1909f56bfc062723c751e8b465ee728b)  -> (artifact id: 'ffd5889512f40df04df88097043f7a05') in 0.002600 seconds
  Import took 0.301908 seconds .

========================================================================
Received Import Request.
  Time since last request: 48.199315 seconds.
  path: Assets/UIAnimation/UI.controller
  artifactKey: Guid(ff63be4e667e2456898e25bbb2aed219) Importer(815301076,1909f56bfc062723c751e8b465ee728b)
Start importing Assets/UIAnimation/UI.controller using Guid(ff63be4e667e2456898e25bbb2aed219) Importer(815301076,1909f56bfc062723c751e8b465ee728b)  -> (artifact id: 'a4cfc50c00ea2ad0ac133564f00398a5') in 0.003943 seconds
  Import took 0.109198 seconds .

========================================================================
Received Import Request.
  Time since last request: 36.985286 seconds.
  path: Assets/UIAnimation/New Animation.anim
  artifactKey: Guid(0fdd357f5689d45bd81b452d0d026a16) Importer(815301076,1909f56bfc062723c751e8b465ee728b)
Start importing Assets/UIAnimation/New Animation.anim using Guid(0fdd357f5689d45bd81b452d0d026a16) Importer(815301076,1909f56bfc062723c751e8b465ee728b)  -> (artifact id: '5a0108aa105138a2d582ab5d844f140b') in 0.133127 seconds
  Import took 0.160128 seconds .

========================================================================
Received Import Request.
  Time since last request: 6.118056 seconds.
  path: Assets/UIAnimation/Home.anim
  artifactKey: Guid(0fdd357f5689d45bd81b452d0d026a16) Importer(815301076,1909f56bfc062723c751e8b465ee728b)
Start importing Assets/UIAnimation/Home.anim using Guid(0fdd357f5689d45bd81b452d0d026a16) Importer(815301076,1909f56bfc062723c751e8b465ee728b)  -> (artifact id: '4527b9399dadca6f255091cdee581e83') in 0.002785 seconds
  Import took 0.008580 seconds .

========================================================================
Received Import Request.
  Time since last request: 0.001318 seconds.
  path: Assets/UIAnimation/Home.anim
  artifactKey: Guid(0fdd357f5689d45bd81b452d0d026a16) Importer(815301076,1909f56bfc062723c751e8b465ee728b)
Start importing Assets/UIAnimation/Home.anim using Guid(0fdd357f5689d45bd81b452d0d026a16) Importer(815301076,1909f56bfc062723c751e8b465ee728b)  -> (artifact id: '4527b9399dadca6f255091cdee581e83') in 0.002060 seconds
  Import took 0.020071 seconds .

========================================================================
Received Import Request.
  Time since last request: 303.778119 seconds.
  path: Assets/UIAnimation/Menu Controller.controller
  artifactKey: Guid(ff63be4e667e2456898e25bbb2aed219) Importer(815301076,1909f56bfc062723c751e8b465ee728b)
Start importing Assets/UIAnimation/Menu Controller.controller using Guid(ff63be4e667e2456898e25bbb2aed219) Importer(815301076,1909f56bfc062723c751e8b465ee728b)  -> (artifact id: '32ea4fd73e22f26dd69499d1d24a479c') in 0.006182 seconds
  Import took 0.011203 seconds .

========================================================================
Received Import Request.
  Time since last request: 33.072223 seconds.
  path: Assets/UIAnimation/Information.anim
  artifactKey: Guid(5b756e852dac24ed0b18262236ea52d4) Importer(815301076,1909f56bfc062723c751e8b465ee728b)
Start importing Assets/UIAnimation/Information.anim using Guid(5b756e852dac24ed0b18262236ea52d4) Importer(815301076,1909f56bfc062723c751e8b465ee728b)  -> (artifact id: 'cb9d0692f925a0fcf3c0ec8e003d07af') in 0.014094 seconds
  Import took 0.029446 seconds .

========================================================================
Received Import Request.
  Time since last request: 35.297045 seconds.
  path: Assets/UIAnimation/Screenshot.anim
  artifactKey: Guid(92bfd4772b106416bba0a26d4bee1f64) Importer(815301076,1909f56bfc062723c751e8b465ee728b)
Start importing Assets/UIAnimation/Screenshot.anim using Guid(92bfd4772b106416bba0a26d4bee1f64) Importer(815301076,1909f56bfc062723c751e8b465ee728b)  -> (artifact id: '4186832c83564e79d73e266997a6819a') in 0.102796 seconds
  Import took 0.170345 seconds .

========================================================================
Received Import Request.
  Time since last request: 343.145594 seconds.
  path: Assets/UIAnimation/Menu Controller.controller
  artifactKey: Guid(ff63be4e667e2456898e25bbb2aed219) Importer(815301076,1909f56bfc062723c751e8b465ee728b)
Start importing Assets/UIAnimation/Menu Controller.controller using Guid(ff63be4e667e2456898e25bbb2aed219) Importer(815301076,1909f56bfc062723c751e8b465ee728b)  -> (artifact id: '424cba2e7b4fd599dbea7733831d226a') in 0.105988 seconds
  Import took 0.161377 seconds .

========================================================================
Received Import Request.
  Time since last request: 61.822184 seconds.
  path: Assets/UIAnimation/Menu Controller.controller
  artifactKey: Guid(ff63be4e667e2456898e25bbb2aed219) Importer(815301076,1909f56bfc062723c751e8b465ee728b)
Start importing Assets/UIAnimation/Menu Controller.controller using Guid(ff63be4e667e2456898e25bbb2aed219) Importer(815301076,1909f56bfc062723c751e8b465ee728b)  -> (artifact id: '9696ad49cb9e15d6bf68a03ad7801d9b') in 0.007087 seconds
  Import took 0.093558 seconds .

========================================================================
Received Prepare
Registering precompiled user dll's ...
Registered in 0.183887 seconds.
Begin MonoManager ReloadAssembly
Native extension for LinuxStandalone target not found
Native extension for OSXStandalone target not found
Refreshing native plugins compatible for Editor in 0.63 ms, found 2 plugins.
Preloading 0 native plugins for Editor in 0.00 ms.
Invoked RoslynAnalysisRunner static constructor.
RoslynAnalysisRunner will not be running.
RoslynAnalysisRunner has terminated.
Mono: successfully reloaded assembly
- Completed reload, in  2.876 seconds
Platform modules already initialized, skipping
Refreshing native plugins compatible for Editor in 0.83 ms, found 2 plugins.
Preloading 0 native plugins for Editor in 0.00 ms.
Unloading 2393 Unused Serialized files (Serialized files now loaded: 0)
System memory in use before: 176.1 MB.
System memory in use after: 176.3 MB.

Unloading 27 unused Assets to reduce memory usage. Loaded Objects now: 2914.
Total: 1.717125 ms (FindLiveObjects: 0.180583 ms CreateObjectMapping: 0.052167 ms MarkObjects: 1.442542 ms  DeleteObjects: 0.040917 ms)

========================================================================
Received Import Request.
  Time since last request: 423.253910 seconds.
  path: Assets/UIAnimation/Screenshot.anim
  artifactKey: Guid(92bfd4772b106416bba0a26d4bee1f64) Importer(815301076,1909f56bfc062723c751e8b465ee728b)
Start importing Assets/UIAnimation/Screenshot.anim using Guid(92bfd4772b106416bba0a26d4bee1f64) Importer(815301076,1909f56bfc062723c751e8b465ee728b)  -> (artifact id: '0d6e16b28ea6585340527f5cd0f16f1d') in 0.044246 seconds
  Import took 0.094635 seconds .

========================================================================
Received Prepare
Registering precompiled user dll's ...
Registered in 0.220513 seconds.
Begin MonoManager ReloadAssembly
Native extension for LinuxStandalone target not found
Native extension for OSXStandalone target not found
Refreshing native plugins compatible for Editor in 0.67 ms, found 2 plugins.
Preloading 0 native plugins for Editor in 0.00 ms.
Invoked RoslynAnalysisRunner static constructor.
RoslynAnalysisRunner will not be running.
RoslynAnalysisRunner has terminated.
Mono: successfully reloaded assembly
- Completed reload, in  2.938 seconds
Platform modules already initialized, skipping
Refreshing native plugins compatible for Editor in 0.68 ms, found 2 plugins.
Preloading 0 native plugins for Editor in 0.00 ms.
Unloading 2393 Unused Serialized files (Serialized files now loaded: 0)
System memory in use before: 176.3 MB.
System memory in use after: 176.5 MB.

Unloading 27 unused Assets to reduce memory usage. Loaded Objects now: 2918.
Total: 1.760792 ms (FindLiveObjects: 0.244166 ms CreateObjectMapping: 0.054167 ms MarkObjects: 1.416875 ms  DeleteObjects: 0.044416 ms)

========================================================================
Received Import Request.
  Time since last request: 251.720036 seconds.
  path: Assets/UIAnimation/Information.anim
  artifactKey: Guid(5b756e852dac24ed0b18262236ea52d4) Importer(815301076,1909f56bfc062723c751e8b465ee728b)
Start importing Assets/UIAnimation/Information.anim using Guid(5b756e852dac24ed0b18262236ea52d4) Importer(815301076,1909f56bfc062723c751e8b465ee728b)  -> (artifact id: 'b724d9c94c1185ad7e9ad32d92cd42d4') in 0.047255 seconds
  Import took 0.126775 seconds .

========================================================================
Received Prepare
Registering precompiled user dll's ...
Registered in 0.388512 seconds.
Begin MonoManager ReloadAssembly
Native extension for LinuxStandalone target not found
Native extension for OSXStandalone target not found
Refreshing native plugins compatible for Editor in 0.67 ms, found 2 plugins.
Preloading 0 native plugins for Editor in 0.00 ms.
Invoked RoslynAnalysisRunner static constructor.
RoslynAnalysisRunner will not be running.
RoslynAnalysisRunner has terminated.
Mono: successfully reloaded assembly
- Completed reload, in  2.923 seconds
Platform modules already initialized, skipping
Refreshing native plugins compatible for Editor in 0.85 ms, found 2 plugins.
Preloading 0 native plugins for Editor in 0.00 ms.
Unloading 2393 Unused Serialized files (Serialized files now loaded: 0)
System memory in use before: 176.6 MB.
System memory in use after: 176.8 MB.

Unloading 27 unused Assets to reduce memory usage. Loaded Objects now: 2922.
Total: 1.676291 ms (FindLiveObjects: 0.186958 ms CreateObjectMapping: 0.049000 ms MarkObjects: 1.404916 ms  DeleteObjects: 0.034458 ms)

========================================================================
Received Import Request.
  Time since last request: 210.735651 seconds.
  path: Assets/UIAnimation/slideout.anim
  artifactKey: Guid(af55f567c99f34c8d94ccd19255ff407) Importer(815301076,1909f56bfc062723c751e8b465ee728b)
Start importing Assets/UIAnimation/slideout.anim using Guid(af55f567c99f34c8d94ccd19255ff407) Importer(815301076,1909f56bfc062723c751e8b465ee728b)  -> (artifact id: 'f298fa58a6d6156e615a91ff7701d683') in 0.065021 seconds
  Import took 0.121182 seconds .

========================================================================
Received Prepare
Registering precompiled user dll's ...
Registered in 0.603794 seconds.
Begin MonoManager ReloadAssembly
Native extension for LinuxStandalone target not found
Native extension for OSXStandalone target not found
Refreshing native plugins compatible for Editor in 0.64 ms, found 2 plugins.
Preloading 0 native plugins for Editor in 0.00 ms.
Invoked RoslynAnalysisRunner static constructor.
RoslynAnalysisRunner will not be running.
RoslynAnalysisRunner has terminated.
Mono: successfully reloaded assembly
- Completed reload, in  2.810 seconds
Platform modules already initialized, skipping
Refreshing native plugins compatible for Editor in 0.87 ms, found 2 plugins.
Preloading 0 native plugins for Editor in 0.00 ms.
Unloading 2393 Unused Serialized files (Serialized files now loaded: 0)
System memory in use before: 176.8 MB.
System memory in use after: 177.0 MB.

Unloading 27 unused Assets to reduce memory usage. Loaded Objects now: 2926.
Total: 1.696625 ms (FindLiveObjects: 0.168375 ms CreateObjectMapping: 0.049125 ms MarkObjects: 1.446459 ms  DeleteObjects: 0.031541 ms)

========================================================================
Received Import Request.
  Time since last request: 72.241068 seconds.
  path: Assets/UIAnimation/Menu Controller.controller
  artifactKey: Guid(ff63be4e667e2456898e25bbb2aed219) Importer(815301076,1909f56bfc062723c751e8b465ee728b)
Start importing Assets/UIAnimation/Menu Controller.controller using Guid(ff63be4e667e2456898e25bbb2aed219) Importer(815301076,1909f56bfc062723c751e8b465ee728b)  -> (artifact id: 'd79e33302f6f8dd31d56f0e02c001c01') in 0.135545 seconds
  Import took 0.208726 seconds .

========================================================================
Received Prepare
Registering precompiled user dll's ...
Registered in 0.210903 seconds.
Begin MonoManager ReloadAssembly
Native extension for LinuxStandalone target not found
Native extension for OSXStandalone target not found
Refreshing native plugins compatible for Editor in 0.67 ms, found 2 plugins.
Preloading 0 native plugins for Editor in 0.00 ms.
Invoked RoslynAnalysisRunner static constructor.
RoslynAnalysisRunner will not be running.
RoslynAnalysisRunner has terminated.
Mono: successfully reloaded assembly
- Completed reload, in  2.017 seconds
Platform modules already initialized, skipping
Refreshing native plugins compatible for Editor in 0.71 ms, found 2 plugins.
Preloading 0 native plugins for Editor in 0.00 ms.
Unloading 2393 Unused Serialized files (Serialized files now loaded: 0)
System memory in use before: 177.1 MB.
System memory in use after: 177.3 MB.

Unloading 27 unused Assets to reduce memory usage. Loaded Objects now: 2930.
Total: 1.720417 ms (FindLiveObjects: 0.196625 ms CreateObjectMapping: 0.049000 ms MarkObjects: 1.434458 ms  DeleteObjects: 0.039625 ms)

========================================================================
Received Prepare
Registering precompiled user dll's ...
Registered in 0.586188 seconds.
Begin MonoManager ReloadAssembly
Native extension for LinuxStandalone target not found
Native extension for OSXStandalone target not found
Refreshing native plugins compatible for Editor in 0.91 ms, found 2 plugins.
Preloading 0 native plugins for Editor in 0.00 ms.
Invoked RoslynAnalysisRunner static constructor.
RoslynAnalysisRunner will not be running.
RoslynAnalysisRunner has terminated.
Mono: successfully reloaded assembly
- Completed reload, in  2.867 seconds
Platform modules already initialized, skipping
Refreshing native plugins compatible for Editor in 0.73 ms, found 2 plugins.
Preloading 0 native plugins for Editor in 0.00 ms.
Unloading 2393 Unused Serialized files (Serialized files now loaded: 0)
System memory in use before: 177.3 MB.
System memory in use after: 177.5 MB.

Unloading 27 unused Assets to reduce memory usage. Loaded Objects now: 2934.
Total: 1.801292 ms (FindLiveObjects: 0.161875 ms CreateObjectMapping: 0.107792 ms MarkObjects: 1.487250 ms  DeleteObjects: 0.043292 ms)

